<?xml version="1.0" encoding="UTF-8" ?>
<testsuite tests="13" failures="0" name="edu.java8.practice.service.impl.UserServiceImplTest" time="0.104" errors="0" skipped="0">
  <properties>
    <property name="idea.version" value="2021.3.2"/>
    <property name="java.runtime.name" value="OpenJDK Runtime Environment"/>
    <property name="java.vm.version" value="17.0.2+8-86"/>
    <property name="sun.boot.library.path" value="/Users/segio/Library/Java/JavaVirtualMachines/openjdk-17.0.2/Contents/Home/lib"/>
    <property name="maven.multiModuleProjectDirectory" value="/Users/segio/Desktop/Univer/ASO/Test2"/>
    <property name="java.vm.vendor" value="Oracle Corporation"/>
    <property name="java.vendor.url" value="https://java.oracle.com/"/>
    <property name="guice.disable.misplaced.annotation.check" value="true"/>
    <property name="path.separator" value=":"/>
    <property name="java.vm.name" value="OpenJDK 64-Bit Server VM"/>
    <property name="user.country" value="MD"/>
    <property name="sun.java.launcher" value="SUN_STANDARD"/>
    <property name="java.vm.specification.name" value="Java Virtual Machine Specification"/>
    <property name="user.dir" value="/Users/segio/Desktop/Univer/ASO/Test2"/>
    <property name="java.vm.compressedOopsMode" value="Zero based"/>
    <property name="java.runtime.version" value="17.0.2+8-86"/>
    <property name="os.arch" value="x86_64"/>
    <property name="java.io.tmpdir" value="/var/folders/21/6mxm64854qzbfmr45hknv6700000gn/T/"/>
    <property name="line.separator" value="
"/>
    <property name="java.vm.specification.vendor" value="Oracle Corporation"/>
    <property name="os.name" value="Mac OS X"/>
    <property name="maven.ext.class.path" value="/Applications/IntelliJ IDEA CE.app/Contents/plugins/maven/lib/maven-event-listener.jar"/>
    <property name="classworlds.conf" value="/Applications/IntelliJ IDEA CE.app/Contents/plugins/maven/lib/maven3/bin/m2.conf"/>
    <property name="sun.jnu.encoding" value="UTF-8"/>
    <property name="java.library.path" value="/Users/segio/Library/Java/Extensions:/Library/Java/Extensions:/Network/Library/Java/Extensions:/System/Library/Java/Extensions:/usr/lib/java:."/>
    <property name="maven.conf" value="/Applications/IntelliJ IDEA CE.app/Contents/plugins/maven/lib/maven3/conf"/>
    <property name="jdk.debug" value="release"/>
    <property name="java.class.version" value="61.0"/>
    <property name="java.specification.name" value="Java Platform API Specification"/>
    <property name="sun.management.compiler" value="HotSpot 64-Bit Tiered Compilers"/>
    <property name="os.version" value="12.2"/>
    <property name="http.nonProxyHosts" value="local|*.local|169.254/16|*.169.254/16"/>
    <property name="user.home" value="/Users/segio"/>
    <property name="user.timezone" value="Europe/Chisinau"/>
    <property name="file.encoding" value="UTF-8"/>
    <property name="java.specification.version" value="17"/>
    <property name="user.name" value="Segio"/>
    <property name="java.class.path" value="/Applications/IntelliJ IDEA CE.app/Contents/plugins/maven/lib/maven3/boot/plexus-classworlds.license:/Applications/IntelliJ IDEA CE.app/Contents/plugins/maven/lib/maven3/boot/plexus-classworlds-2.6.0.jar"/>
    <property name="java.vm.specification.version" value="17"/>
    <property name="sun.arch.data.model" value="64"/>
    <property name="sun.java.command" value="org.codehaus.classworlds.Launcher -Didea.version=2021.3.2 install"/>
    <property name="java.home" value="/Users/segio/Library/Java/JavaVirtualMachines/openjdk-17.0.2/Contents/Home"/>
    <property name="user.language" value="ru"/>
    <property name="java.specification.vendor" value="Oracle Corporation"/>
    <property name="java.vm.info" value="mixed mode, sharing"/>
    <property name="java.version" value="17.0.2"/>
    <property name="native.encoding" value="US-ASCII"/>
    <property name="java.vendor" value="Oracle Corporation"/>
    <property name="maven.home" value="/Applications/IntelliJ IDEA CE.app/Contents/plugins/maven/lib/maven3"/>
    <property name="file.separator" value="/"/>
    <property name="java.version.date" value="2022-01-18"/>
    <property name="java.vendor.url.bug" value="https://bugreport.java.com/bugreport/"/>
    <property name="sun.io.unicode.encoding" value="UnicodeBig"/>
    <property name="sun.cpu.endian" value="little"/>
    <property name="socksNonProxyHosts" value="local|*.local|169.254/16|*.169.254/16"/>
    <property name="ftp.nonProxyHosts" value="local|*.local|169.254/16|*.169.254/16"/>
  </properties>
  <testcase classname="edu.java8.practice.service.impl.UserServiceImplTest" name="shouldSortUsersByAgeDescAndNameDesc" time="0.071"/>
  <testcase classname="edu.java8.practice.service.impl.UserServiceImplTest" name="shouldReturnOptionalEmptyIfThereAreDistinctNumberOfLastNames" time="0.007"/>
  <testcase classname="edu.java8.practice.service.impl.UserServiceImplTest" name="shouldReturnMinusOneInsteadOfAverageForEmptyList" time="0.005"/>
  <testcase classname="edu.java8.practice.service.impl.UserServiceImplTest" name="shouldReturnGroupedMapOfLastNamesAndEncounteredNumber" time="0.003"/>
  <testcase classname="edu.java8.practice.service.impl.UserServiceImplTest" name="shouldReturnAverageAgeForUsers" time="0"/>
  <testcase classname="edu.java8.practice.service.impl.UserServiceImplTest" name="shouldReturnUpdateUserWithAgeHigherThanGiven" time="0.002"/>
  <testcase classname="edu.java8.practice.service.impl.UserServiceImplTest" name="shouldReturnTheSameListIfNoPredicatesProvided" time="0.002"/>
  <testcase classname="edu.java8.practice.service.impl.UserServiceImplTest" name="shouldReturnMostFrequentLastName" time="0.002"/>
  <testcase classname="edu.java8.practice.service.impl.UserServiceImplTest" name="shouldFilterListOfUsersByGivenConditions" time="0.002"/>
  <testcase classname="edu.java8.practice.service.impl.UserServiceImplTest" name="shouldReturnGroupedMapByNumberOfPrivileges" time="0.003"/>
  <testcase classname="edu.java8.practice.service.impl.UserServiceImplTest" name="shouldConvertListOfUsersToCSVOfUsersLastNames" time="0.001"/>
  <testcase classname="edu.java8.practice.service.impl.UserServiceImplTest" name="shouldReturnGroupedMapByPrivileges" time="0.004"/>
  <testcase classname="edu.java8.practice.service.impl.UserServiceImplTest" name="shouldReturnDistinctPrivilegesForUsers" time="0.002"/>
</testsuite>